::1 - - [10/Nov/2016:19:13:54 +0000] "GET /api/quote/ HTTP/1.1" 404 23 "http://localhost/" "Mozilla/5.0 (Windows NT 10.0; WOW64) AppleWebKit/537.36 (KHTML, like Gecko) Chrome/54.0.2840.71 Safari/537.36"
::1 - - [10/Nov/2016:19:13:54 +0000] "GET /api/quote/ HTTP/1.1" 404 23 "http://localhost/" "Mozilla/5.0 (Windows NT 10.0; WOW64) AppleWebKit/537.36 (KHTML, like Gecko) Chrome/54.0.2840.71 Safari/537.36"
::1 - - [10/Nov/2016:19:13:54 +0000] "GET /favicon.ico HTTP/1.1" 404 24 "http://localhost/" "Mozilla/5.0 (Windows NT 10.0; WOW64) AppleWebKit/537.36 (KHTML, like Gecko) Chrome/54.0.2840.71 Safari/537.36"
::1 - - [10/Nov/2016:19:17:19 +0000] "GET /api/quote/ HTTP/1.1" 404 23 "http://localhost/" "Mozilla/5.0 (Windows NT 10.0; WOW64) AppleWebKit/537.36 (KHTML, like Gecko) Chrome/54.0.2840.71 Safari/537.36"
::1 - - [10/Nov/2016:19:17:19 +0000] "GET /api/quote/ HTTP/1.1" 404 23 "http://localhost/" "Mozilla/5.0 (Windows NT 10.0; WOW64) AppleWebKit/537.36 (KHTML, like Gecko) Chrome/54.0.2840.71 Safari/537.36"
::1 - - [10/Nov/2016:19:18:31 +0000] "GET /api/quote HTTP/1.1" 404 22 "-" "Mozilla/5.0 (Windows NT 10.0; WOW64) AppleWebKit/537.36 (KHTML, like Gecko) Chrome/54.0.2840.71 Safari/537.36"
::1 - - [10/Nov/2016:19:18:38 +0000] "GET /api HTTP/1.1" 404 16 "-" "Mozilla/5.0 (Windows NT 10.0; WOW64) AppleWebKit/537.36 (KHTML, like Gecko) Chrome/54.0.2840.71 Safari/537.36"
::1 - - [10/Nov/2016:19:19:08 +0000] "GET /api HTTP/1.1" 404 16 "-" "Mozilla/5.0 (Windows NT 10.0; WOW64) AppleWebKit/537.36 (KHTML, like Gecko) Chrome/54.0.2840.71 Safari/537.36"
::1 - - [10/Nov/2016:19:19:10 +0000] "GET /api HTTP/1.1" 404 16 "-" "Mozilla/5.0 (Windows NT 10.0; WOW64) AppleWebKit/537.36 (KHTML, like Gecko) Chrome/54.0.2840.71 Safari/537.36"
::1 - - [10/Nov/2016:19:21:04 +0000] "GET /yolo HTTP/1.1" 200 11 "-" "Mozilla/5.0 (Windows NT 10.0; WOW64) AppleWebKit/537.36 (KHTML, like Gecko) Chrome/54.0.2840.71 Safari/537.36"
::1 - - [10/Nov/2016:19:22:05 +0000] "GET /api HTTP/1.1" 404 16 "-" "Mozilla/5.0 (Windows NT 10.0; WOW64) AppleWebKit/537.36 (KHTML, like Gecko) Chrome/54.0.2840.71 Safari/537.36"
::1 - - [10/Nov/2016:19:23:20 +0000] "GET /api HTTP/1.1" 200 8 "-" "Mozilla/5.0 (Windows NT 10.0; WOW64) AppleWebKit/537.36 (KHTML, like Gecko) Chrome/54.0.2840.71 Safari/537.36"
::1 - - [10/Nov/2016:19:23:37 +0000] "GET /api/quotes HTTP/1.1" 404 23 "-" "Mozilla/5.0 (Windows NT 10.0; WOW64) AppleWebKit/537.36 (KHTML, like Gecko) Chrome/54.0.2840.71 Safari/537.36"
::1 - - [10/Nov/2016:19:23:40 +0000] "GET /api/quote HTTP/1.1" 200 28 "-" "Mozilla/5.0 (Windows NT 10.0; WOW64) AppleWebKit/537.36 (KHTML, like Gecko) Chrome/54.0.2840.71 Safari/537.36"
::1 - - [10/Nov/2016:19:23:44 +0000] "GET /api/quote/ HTTP/1.1" 200 28 "http://localhost/" "Mozilla/5.0 (Windows NT 10.0; WOW64) AppleWebKit/537.36 (KHTML, like Gecko) Chrome/54.0.2840.71 Safari/537.36"
::1 - - [10/Nov/2016:19:23:44 +0000] "GET /api/quote/ HTTP/1.1" 304 - "http://localhost/" "Mozilla/5.0 (Windows NT 10.0; WOW64) AppleWebKit/537.36 (KHTML, like Gecko) Chrome/54.0.2840.71 Safari/537.36"
::1 - - [10/Nov/2016:19:25:10 +0000] "POST /api/quote/new HTTP/1.1" 500 3464 "-" "Mozilla/5.0 (Windows NT 10.0; WOW64) AppleWebKit/537.36 (KHTML, like Gecko) Chrome/54.0.2840.71 Safari/537.36"
::1 - - [10/Nov/2016:19:26:02 +0000] "POST /api/quote/new HTTP/1.1" 500 3464 "-" "Mozilla/5.0 (Windows NT 10.0; WOW64) AppleWebKit/537.36 (KHTML, like Gecko) Chrome/54.0.2840.71 Safari/537.36"
::1 - - [10/Nov/2016:19:26:46 +0000] "POST /api/quote/new HTTP/1.1" 500 3464 "-" "Mozilla/5.0 (Windows NT 10.0; WOW64) AppleWebKit/537.36 (KHTML, like Gecko) Chrome/54.0.2840.71 Safari/537.36"
::1 - - [10/Nov/2016:19:27:17 +0000] "POST /api/quote/new HTTP/1.1" 500 3464 "-" "Mozilla/5.0 (Windows NT 10.0; WOW64) AppleWebKit/537.36 (KHTML, like Gecko) Chrome/54.0.2840.71 Safari/537.36"
::1 - - [10/Nov/2016:19:29:15 +0000] "POST /api/quote/new HTTP/1.1" 200 795 "-" "Mozilla/5.0 (Windows NT 10.0; WOW64) AppleWebKit/537.36 (KHTML, like Gecko) Chrome/54.0.2840.71 Safari/537.36"
::1 - - [10/Nov/2016:19:29:51 +0000] "POST /api/quote/new HTTP/1.1" 200 795 "-" "Mozilla/5.0 (Windows NT 10.0; WOW64) AppleWebKit/537.36 (KHTML, like Gecko) Chrome/54.0.2840.71 Safari/537.36"
::1 - - [10/Nov/2016:19:31:56 +0000] "GET /new HTTP/1.1" 404 16 "-" "Mozilla/5.0 (Windows NT 10.0; WOW64) AppleWebKit/537.36 (KHTML, like Gecko) Chrome/54.0.2840.71 Safari/537.36"
::1 - - [10/Nov/2016:19:31:59 +0000] "GET /api/quote/ HTTP/1.1" 304 - "http://localhost/" "Mozilla/5.0 (Windows NT 10.0; WOW64) AppleWebKit/537.36 (KHTML, like Gecko) Chrome/54.0.2840.71 Safari/537.36"
::1 - - [10/Nov/2016:19:31:59 +0000] "GET /api/quote/ HTTP/1.1" 304 - "http://localhost/" "Mozilla/5.0 (Windows NT 10.0; WOW64) AppleWebKit/537.36 (KHTML, like Gecko) Chrome/54.0.2840.71 Safari/537.36"
::1 - - [10/Nov/2016:19:53:57 +0000] "POST /api/quote/new/ HTTP/1.1" 200 227 "http://localhost/new" "Mozilla/5.0 (Windows NT 10.0; WOW64) AppleWebKit/537.36 (KHTML, like Gecko) Chrome/54.0.2840.71 Safari/537.36"
::1 - - [10/Nov/2016:19:55:09 +0000] "GET /api/quote/ HTTP/1.1" 200 187 "http://localhost/" "Mozilla/5.0 (Windows NT 10.0; WOW64) AppleWebKit/537.36 (KHTML, like Gecko) Chrome/54.0.2840.71 Safari/537.36"
::1 - - [10/Nov/2016:19:55:09 +0000] "GET /api/quote/ HTTP/1.1" 304 - "http://localhost/" "Mozilla/5.0 (Windows NT 10.0; WOW64) AppleWebKit/537.36 (KHTML, like Gecko) Chrome/54.0.2840.71 Safari/537.36"
::1 - - [10/Nov/2016:19:56:10 +0000] "GET /api/quote/ HTTP/1.1" 304 - "http://localhost/" "Mozilla/5.0 (Windows NT 10.0; WOW64) AppleWebKit/537.36 (KHTML, like Gecko) Chrome/54.0.2840.71 Safari/537.36"
::1 - - [10/Nov/2016:19:56:10 +0000] "GET /api/quote/ HTTP/1.1" 304 - "http://localhost/" "Mozilla/5.0 (Windows NT 10.0; WOW64) AppleWebKit/537.36 (KHTML, like Gecko) Chrome/54.0.2840.71 Safari/537.36"
::1 - - [10/Nov/2016:19:56:26 +0000] "GET /api/quote/ HTTP/1.1" 304 - "http://localhost/" "Mozilla/5.0 (Windows NT 10.0; WOW64) AppleWebKit/537.36 (KHTML, like Gecko) Chrome/54.0.2840.71 Safari/537.36"
::1 - - [10/Nov/2016:19:56:26 +0000] "GET /api/quote/ HTTP/1.1" 304 - "http://localhost/" "Mozilla/5.0 (Windows NT 10.0; WOW64) AppleWebKit/537.36 (KHTML, like Gecko) Chrome/54.0.2840.71 Safari/537.36"
::1 - - [10/Nov/2016:19:57:09 +0000] "GET /api/quote/ HTTP/1.1" 304 - "http://localhost/" "Mozilla/5.0 (Windows NT 10.0; WOW64) AppleWebKit/537.36 (KHTML, like Gecko) Chrome/54.0.2840.71 Safari/537.36"
::1 - - [10/Nov/2016:19:57:09 +0000] "GET /api/quote/ HTTP/1.1" 304 - "http://localhost/" "Mozilla/5.0 (Windows NT 10.0; WOW64) AppleWebKit/537.36 (KHTML, like Gecko) Chrome/54.0.2840.71 Safari/537.36"
::1 - - [10/Nov/2016:20:20:53 +0000] "GET /favicon.ico HTTP/1.1" 500 3426 "http://localhost/" "Mozilla/5.0 (Windows NT 10.0; WOW64) AppleWebKit/537.36 (KHTML, like Gecko) Chrome/54.0.2840.71 Safari/537.36"
::1 - - [10/Nov/2016:20:20:55 +0000] "GET /api/quote/ HTTP/1.1" 200 187 "http://localhost/" "Mozilla/5.0 (Windows NT 10.0; WOW64) AppleWebKit/537.36 (KHTML, like Gecko) Chrome/54.0.2840.71 Safari/537.36"
::1 - - [10/Nov/2016:20:20:55 +0000] "GET /api/quote/ HTTP/1.1" 200 187 "http://localhost/" "Mozilla/5.0 (Windows NT 10.0; WOW64) AppleWebKit/537.36 (KHTML, like Gecko) Chrome/54.0.2840.71 Safari/537.36"
::1 - - [10/Nov/2016:20:35:42 +0000] "GET /api/quote/ HTTP/1.1" 304 - "http://localhost/" "Mozilla/5.0 (Windows NT 10.0; WOW64) AppleWebKit/537.36 (KHTML, like Gecko) Chrome/54.0.2840.71 Safari/537.36"
::1 - - [10/Nov/2016:20:35:42 +0000] "GET /api/quote/ HTTP/1.1" 304 - "http://localhost/" "Mozilla/5.0 (Windows NT 10.0; WOW64) AppleWebKit/537.36 (KHTML, like Gecko) Chrome/54.0.2840.71 Safari/537.36"
::1 - - [10/Nov/2016:20:35:42 +0000] "GET /favicon.ico HTTP/1.1" 500 3426 "http://localhost/" "Mozilla/5.0 (Windows NT 10.0; WOW64) AppleWebKit/537.36 (KHTML, like Gecko) Chrome/54.0.2840.71 Safari/537.36"
::1 - - [10/Nov/2016:20:36:24 +0000] "GET /api/quote/ HTTP/1.1" 304 - "http://localhost/" "Mozilla/5.0 (Windows NT 10.0; WOW64) AppleWebKit/537.36 (KHTML, like Gecko) Chrome/54.0.2840.71 Safari/537.36"
::1 - - [10/Nov/2016:20:36:24 +0000] "GET /api/quote/ HTTP/1.1" 304 - "http://localhost/" "Mozilla/5.0 (Windows NT 10.0; WOW64) AppleWebKit/537.36 (KHTML, like Gecko) Chrome/54.0.2840.71 Safari/537.36"
::1 - - [10/Nov/2016:20:36:24 +0000] "GET /favicon.ico HTTP/1.1" 500 3426 "http://localhost/" "Mozilla/5.0 (Windows NT 10.0; WOW64) AppleWebKit/537.36 (KHTML, like Gecko) Chrome/54.0.2840.71 Safari/537.36"
::1 - - [10/Nov/2016:20:37:41 +0000] "GET /api/quote/ HTTP/1.1" 304 - "http://localhost/" "Mozilla/5.0 (Windows NT 10.0; WOW64) AppleWebKit/537.36 (KHTML, like Gecko) Chrome/54.0.2840.71 Safari/537.36"
::1 - - [10/Nov/2016:20:37:41 +0000] "GET /api/quote/ HTTP/1.1" 304 - "http://localhost/" "Mozilla/5.0 (Windows NT 10.0; WOW64) AppleWebKit/537.36 (KHTML, like Gecko) Chrome/54.0.2840.71 Safari/537.36"
::1 - - [10/Nov/2016:20:37:41 +0000] "GET /favicon.ico HTTP/1.1" 500 3426 "http://localhost/" "Mozilla/5.0 (Windows NT 10.0; WOW64) AppleWebKit/537.36 (KHTML, like Gecko) Chrome/54.0.2840.71 Safari/537.36"
::1 - - [10/Nov/2016:20:38:30 +0000] "GET /api/quote/ HTTP/1.1" 304 - "http://localhost/" "Mozilla/5.0 (Windows NT 10.0; WOW64) AppleWebKit/537.36 (KHTML, like Gecko) Chrome/54.0.2840.71 Safari/537.36"
::1 - - [10/Nov/2016:20:38:30 +0000] "GET /api/quote/ HTTP/1.1" 304 - "http://localhost/" "Mozilla/5.0 (Windows NT 10.0; WOW64) AppleWebKit/537.36 (KHTML, like Gecko) Chrome/54.0.2840.71 Safari/537.36"
::1 - - [10/Nov/2016:20:39:23 +0000] "GET /api/quote/ HTTP/1.1" 304 - "http://localhost/" "Mozilla/5.0 (Windows NT 10.0; WOW64) AppleWebKit/537.36 (KHTML, like Gecko) Chrome/54.0.2840.71 Safari/537.36"
::1 - - [10/Nov/2016:20:39:23 +0000] "GET /api/quote/ HTTP/1.1" 304 - "http://localhost/" "Mozilla/5.0 (Windows NT 10.0; WOW64) AppleWebKit/537.36 (KHTML, like Gecko) Chrome/54.0.2840.71 Safari/537.36"
::1 - - [10/Nov/2016:20:39:23 +0000] "GET /favicon.ico HTTP/1.1" 404 253 "http://localhost/" "Mozilla/5.0 (Windows NT 10.0; WOW64) AppleWebKit/537.36 (KHTML, like Gecko) Chrome/54.0.2840.71 Safari/537.36"
::1 - - [10/Nov/2016:20:39:42 +0000] "GET /api/quote/ HTTP/1.1" 304 - "http://localhost/" "Mozilla/5.0 (Windows NT 10.0; WOW64) AppleWebKit/537.36 (KHTML, like Gecko) Chrome/54.0.2840.71 Safari/537.36"
::1 - - [10/Nov/2016:20:39:42 +0000] "GET /api/quote/ HTTP/1.1" 304 - "http://localhost/" "Mozilla/5.0 (Windows NT 10.0; WOW64) AppleWebKit/537.36 (KHTML, like Gecko) Chrome/54.0.2840.71 Safari/537.36"
::1 - - [10/Nov/2016:20:39:42 +0000] "GET /favicon.ico HTTP/1.1" 404 253 "http://localhost/" "Mozilla/5.0 (Windows NT 10.0; WOW64) AppleWebKit/537.36 (KHTML, like Gecko) Chrome/54.0.2840.71 Safari/537.36"
::1 - - [10/Nov/2016:20:40:08 +0000] "GET /api/quote/ HTTP/1.1" 304 - "http://localhost/" "Mozilla/5.0 (Windows NT 10.0; WOW64) AppleWebKit/537.36 (KHTML, like Gecko) Chrome/54.0.2840.71 Safari/537.36"
::1 - - [10/Nov/2016:20:40:08 +0000] "GET /api/quote/ HTTP/1.1" 304 - "http://localhost/" "Mozilla/5.0 (Windows NT 10.0; WOW64) AppleWebKit/537.36 (KHTML, like Gecko) Chrome/54.0.2840.71 Safari/537.36"
::1 - - [10/Nov/2016:20:45:29 +0000] "GET /api/quote/ HTTP/1.1" 304 - "http://localhost/" "Mozilla/5.0 (Windows NT 10.0; WOW64) AppleWebKit/537.36 (KHTML, like Gecko) Chrome/54.0.2840.71 Safari/537.36"
::1 - - [10/Nov/2016:20:45:29 +0000] "GET /api/quote/ HTTP/1.1" 304 - "http://localhost/" "Mozilla/5.0 (Windows NT 10.0; WOW64) AppleWebKit/537.36 (KHTML, like Gecko) Chrome/54.0.2840.71 Safari/537.36"
::1 - - [10/Nov/2016:20:46:17 +0000] "GET /api/quote/ HTTP/1.1" 304 - "http://localhost/" "Mozilla/5.0 (Windows NT 10.0; WOW64) AppleWebKit/537.36 (KHTML, like Gecko) Chrome/54.0.2840.71 Safari/537.36"
::1 - - [10/Nov/2016:20:46:17 +0000] "GET /api/quote/ HTTP/1.1" 304 - "http://localhost/" "Mozilla/5.0 (Windows NT 10.0; WOW64) AppleWebKit/537.36 (KHTML, like Gecko) Chrome/54.0.2840.71 Safari/537.36"
::1 - - [10/Nov/2016:20:46:39 +0000] "GET /api/quote/ HTTP/1.1" 304 - "http://localhost/" "Mozilla/5.0 (Windows NT 10.0; WOW64) AppleWebKit/537.36 (KHTML, like Gecko) Chrome/54.0.2840.71 Safari/537.36"
::1 - - [10/Nov/2016:20:46:39 +0000] "GET /api/quote/ HTTP/1.1" 304 - "http://localhost/" "Mozilla/5.0 (Windows NT 10.0; WOW64) AppleWebKit/537.36 (KHTML, like Gecko) Chrome/54.0.2840.71 Safari/537.36"
::1 - - [10/Nov/2016:20:47:42 +0000] "POST /api/quote/new/ HTTP/1.1" 200 216 "http://localhost/new" "Mozilla/5.0 (Windows NT 10.0; WOW64) AppleWebKit/537.36 (KHTML, like Gecko) Chrome/54.0.2840.71 Safari/537.36"
::1 - - [10/Nov/2016:20:50:52 +0000] "POST /api/quote/new/ HTTP/1.1" 200 220 "http://localhost/new" "Mozilla/5.0 (Windows NT 10.0; WOW64) AppleWebKit/537.36 (KHTML, like Gecko) Chrome/54.0.2840.71 Safari/537.36"
::1 - - [10/Nov/2016:20:50:54 +0000] "GET /new HTTP/1.1" 404 253 "-" "Mozilla/5.0 (Windows NT 10.0; WOW64) AppleWebKit/537.36 (KHTML, like Gecko) Chrome/54.0.2840.71 Safari/537.36"
::1 - - [10/Nov/2016:20:51:10 +0000] "GET /api/quote/ HTTP/1.1" 200 489 "http://localhost/" "Mozilla/5.0 (Windows NT 10.0; WOW64) AppleWebKit/537.36 (KHTML, like Gecko) Chrome/54.0.2840.71 Safari/537.36"
::1 - - [10/Nov/2016:20:51:10 +0000] "GET /api/quote/ HTTP/1.1" 304 - "http://localhost/" "Mozilla/5.0 (Windows NT 10.0; WOW64) AppleWebKit/537.36 (KHTML, like Gecko) Chrome/54.0.2840.71 Safari/537.36"
::1 - - [10/Nov/2016:20:51:13 +0000] "GET /new HTTP/1.1" 404 253 "-" "Mozilla/5.0 (Windows NT 10.0; WOW64) AppleWebKit/537.36 (KHTML, like Gecko) Chrome/54.0.2840.71 Safari/537.36"
::1 - - [10/Nov/2016:20:53:38 +0000] "GET /new HTTP/1.1" 200 1723 "-" "Mozilla/5.0 (Windows NT 10.0; WOW64) AppleWebKit/537.36 (KHTML, like Gecko) Chrome/54.0.2840.71 Safari/537.36"
::1 - - [10/Nov/2016:20:53:45 +0000] "GET /api/quote/ HTTP/1.1" 304 - "http://localhost/" "Mozilla/5.0 (Windows NT 10.0; WOW64) AppleWebKit/537.36 (KHTML, like Gecko) Chrome/54.0.2840.71 Safari/537.36"
::1 - - [10/Nov/2016:20:53:45 +0000] "GET /api/quote/ HTTP/1.1" 304 - "http://localhost/" "Mozilla/5.0 (Windows NT 10.0; WOW64) AppleWebKit/537.36 (KHTML, like Gecko) Chrome/54.0.2840.71 Safari/537.36"
::1 - - [10/Nov/2016:20:53:47 +0000] "GET /api/quote/ HTTP/1.1" 304 - "http://localhost/" "Mozilla/5.0 (Windows NT 10.0; WOW64) AppleWebKit/537.36 (KHTML, like Gecko) Chrome/54.0.2840.71 Safari/537.36"
::1 - - [10/Nov/2016:20:53:47 +0000] "GET /api/quote/ HTTP/1.1" 304 - "http://localhost/" "Mozilla/5.0 (Windows NT 10.0; WOW64) AppleWebKit/537.36 (KHTML, like Gecko) Chrome/54.0.2840.71 Safari/537.36"
::1 - - [10/Nov/2016:20:55:16 +0000] "GET /api/quote/ HTTP/1.1" 304 - "http://localhost/" "Mozilla/5.0 (Windows NT 10.0; WOW64) AppleWebKit/537.36 (KHTML, like Gecko) Chrome/54.0.2840.71 Safari/537.36"
::1 - - [10/Nov/2016:20:55:16 +0000] "GET /api/quote/ HTTP/1.1" 304 - "http://localhost/" "Mozilla/5.0 (Windows NT 10.0; WOW64) AppleWebKit/537.36 (KHTML, like Gecko) Chrome/54.0.2840.71 Safari/537.36"
::1 - - [10/Nov/2016:20:56:03 +0000] "GET /api/quote/ HTTP/1.1" 304 - "http://localhost/" "Mozilla/5.0 (Windows NT 10.0; WOW64) AppleWebKit/537.36 (KHTML, like Gecko) Chrome/54.0.2840.71 Safari/537.36"
::1 - - [10/Nov/2016:20:56:03 +0000] "GET /api/quote/ HTTP/1.1" 304 - "http://localhost/" "Mozilla/5.0 (Windows NT 10.0; WOW64) AppleWebKit/537.36 (KHTML, like Gecko) Chrome/54.0.2840.71 Safari/537.36"
::1 - - [10/Nov/2016:20:57:03 +0000] "GET /api/quote/ HTTP/1.1" 304 - "http://localhost/" "Mozilla/5.0 (Windows NT 10.0; WOW64) AppleWebKit/537.36 (KHTML, like Gecko) Chrome/54.0.2840.71 Safari/537.36"
::1 - - [10/Nov/2016:20:57:03 +0000] "GET /api/quote/ HTTP/1.1" 304 - "http://localhost/" "Mozilla/5.0 (Windows NT 10.0; WOW64) AppleWebKit/537.36 (KHTML, like Gecko) Chrome/54.0.2840.71 Safari/537.36"
::1 - - [10/Nov/2016:20:57:09 +0000] "GET /api/quote/ HTTP/1.1" 304 - "http://localhost/" "Mozilla/5.0 (Windows NT 10.0; WOW64) AppleWebKit/537.36 (KHTML, like Gecko) Chrome/54.0.2840.71 Safari/537.36"
::1 - - [10/Nov/2016:20:57:09 +0000] "GET /api/quote/ HTTP/1.1" 304 - "http://localhost/" "Mozilla/5.0 (Windows NT 10.0; WOW64) AppleWebKit/537.36 (KHTML, like Gecko) Chrome/54.0.2840.71 Safari/537.36"
::1 - - [10/Nov/2016:21:00:19 +0000] "GET /api/quote/ HTTP/1.1" 304 - "http://localhost/" "Mozilla/5.0 (Windows NT 10.0; WOW64) AppleWebKit/537.36 (KHTML, like Gecko) Chrome/54.0.2840.71 Safari/537.36"
::1 - - [10/Nov/2016:21:00:19 +0000] "GET /api/quote/ HTTP/1.1" 304 - "http://localhost/" "Mozilla/5.0 (Windows NT 10.0; WOW64) AppleWebKit/537.36 (KHTML, like Gecko) Chrome/54.0.2840.71 Safari/537.36"
::1 - - [10/Nov/2016:21:00:25 +0000] "GET /api/quote/ HTTP/1.1" 304 - "http://localhost/" "Mozilla/5.0 (Windows NT 10.0; WOW64) AppleWebKit/537.36 (KHTML, like Gecko) Chrome/54.0.2840.71 Safari/537.36"
::1 - - [10/Nov/2016:21:01:35 +0000] "GET /api/quote/ HTTP/1.1" 304 - "http://localhost/" "Mozilla/5.0 (Windows NT 10.0; WOW64) AppleWebKit/537.36 (KHTML, like Gecko) Chrome/54.0.2840.71 Safari/537.36"
::1 - - [10/Nov/2016:21:01:35 +0000] "GET /api/quote/ HTTP/1.1" 304 - "http://localhost/" "Mozilla/5.0 (Windows NT 10.0; WOW64) AppleWebKit/537.36 (KHTML, like Gecko) Chrome/54.0.2840.71 Safari/537.36"
::1 - - [10/Nov/2016:21:01:58 +0000] "GET /api/quote/ HTTP/1.1" 304 - "http://localhost/" "Mozilla/5.0 (Windows NT 10.0; WOW64) AppleWebKit/537.36 (KHTML, like Gecko) Chrome/54.0.2840.71 Safari/537.36"
::1 - - [10/Nov/2016:21:01:58 +0000] "GET /api/quote/ HTTP/1.1" 304 - "http://localhost/" "Mozilla/5.0 (Windows NT 10.0; WOW64) AppleWebKit/537.36 (KHTML, like Gecko) Chrome/54.0.2840.71 Safari/537.36"
::1 - - [10/Nov/2016:21:02:02 +0000] "GET /api/quote/ HTTP/1.1" 304 - "http://localhost/" "Mozilla/5.0 (Windows NT 10.0; WOW64) AppleWebKit/537.36 (KHTML, like Gecko) Chrome/54.0.2840.71 Safari/537.36"
::1 - - [10/Nov/2016:21:02:31 +0000] "GET /api/quote/ HTTP/1.1" 304 - "http://localhost/" "Mozilla/5.0 (Windows NT 10.0; WOW64) AppleWebKit/537.36 (KHTML, like Gecko) Chrome/54.0.2840.71 Safari/537.36"
::1 - - [10/Nov/2016:21:02:31 +0000] "GET /api/quote/ HTTP/1.1" 304 - "http://localhost/" "Mozilla/5.0 (Windows NT 10.0; WOW64) AppleWebKit/537.36 (KHTML, like Gecko) Chrome/54.0.2840.71 Safari/537.36"
::1 - - [10/Nov/2016:21:02:37 +0000] "GET /api/quote/ HTTP/1.1" 304 - "http://localhost/" "Mozilla/5.0 (Windows NT 10.0; WOW64) AppleWebKit/537.36 (KHTML, like Gecko) Chrome/54.0.2840.71 Safari/537.36"
::1 - - [10/Nov/2016:21:03:20 +0000] "GET /api/quote/ HTTP/1.1" 304 - "http://localhost/" "Mozilla/5.0 (Windows NT 10.0; WOW64) AppleWebKit/537.36 (KHTML, like Gecko) Chrome/54.0.2840.71 Safari/537.36"
::1 - - [10/Nov/2016:21:03:20 +0000] "GET /api/quote/ HTTP/1.1" 304 - "http://localhost/" "Mozilla/5.0 (Windows NT 10.0; WOW64) AppleWebKit/537.36 (KHTML, like Gecko) Chrome/54.0.2840.71 Safari/537.36"
::1 - - [10/Nov/2016:21:04:19 +0000] "GET /api/quote/ HTTP/1.1" 304 - "http://localhost/" "Mozilla/5.0 (Windows NT 10.0; WOW64) AppleWebKit/537.36 (KHTML, like Gecko) Chrome/54.0.2840.71 Safari/537.36"
::1 - - [10/Nov/2016:21:04:19 +0000] "GET /api/quote/ HTTP/1.1" 304 - "http://localhost/" "Mozilla/5.0 (Windows NT 10.0; WOW64) AppleWebKit/537.36 (KHTML, like Gecko) Chrome/54.0.2840.71 Safari/537.36"
::1 - - [10/Nov/2016:21:05:11 +0000] "GET /api/quote/ HTTP/1.1" 304 - "http://localhost/" "Mozilla/5.0 (Windows NT 10.0; WOW64) AppleWebKit/537.36 (KHTML, like Gecko) Chrome/54.0.2840.71 Safari/537.36"
::1 - - [10/Nov/2016:21:05:11 +0000] "GET /api/quote/ HTTP/1.1" 304 - "http://localhost/" "Mozilla/5.0 (Windows NT 10.0; WOW64) AppleWebKit/537.36 (KHTML, like Gecko) Chrome/54.0.2840.71 Safari/537.36"
::1 - - [10/Nov/2016:21:06:18 +0000] "GET /api/quote/ HTTP/1.1" 304 - "http://localhost/" "Mozilla/5.0 (Windows NT 10.0; WOW64) AppleWebKit/537.36 (KHTML, like Gecko) Chrome/54.0.2840.71 Safari/537.36"
::1 - - [10/Nov/2016:21:06:18 +0000] "GET /api/quote/ HTTP/1.1" 304 - "http://localhost/" "Mozilla/5.0 (Windows NT 10.0; WOW64) AppleWebKit/537.36 (KHTML, like Gecko) Chrome/54.0.2840.71 Safari/537.36"
::1 - - [10/Nov/2016:21:06:34 +0000] "GET /api/quote/ HTTP/1.1" 304 - "http://localhost/" "Mozilla/5.0 (Windows NT 10.0; WOW64) AppleWebKit/537.36 (KHTML, like Gecko) Chrome/54.0.2840.71 Safari/537.36"
::1 - - [10/Nov/2016:21:06:34 +0000] "GET /api/quote/ HTTP/1.1" 304 - "http://localhost/" "Mozilla/5.0 (Windows NT 10.0; WOW64) AppleWebKit/537.36 (KHTML, like Gecko) Chrome/54.0.2840.71 Safari/537.36"
::1 - - [10/Nov/2016:21:14:38 +0000] "GET /api/quote/ HTTP/1.1" 304 - "http://localhost/" "Mozilla/5.0 (Windows NT 10.0; WOW64) AppleWebKit/537.36 (KHTML, like Gecko) Chrome/54.0.2840.71 Safari/537.36"
::1 - - [10/Nov/2016:21:14:38 +0000] "GET /api/quote/ HTTP/1.1" 304 - "http://localhost/" "Mozilla/5.0 (Windows NT 10.0; WOW64) AppleWebKit/537.36 (KHTML, like Gecko) Chrome/54.0.2840.71 Safari/537.36"
::1 - - [10/Nov/2016:21:15:59 +0000] "GET /api/quote/ HTTP/1.1" 304 - "http://localhost/" "Mozilla/5.0 (Windows NT 10.0; WOW64) AppleWebKit/537.36 (KHTML, like Gecko) Chrome/54.0.2840.71 Safari/537.36"
::1 - - [10/Nov/2016:21:15:59 +0000] "GET /api/quote/ HTTP/1.1" 304 - "http://localhost/" "Mozilla/5.0 (Windows NT 10.0; WOW64) AppleWebKit/537.36 (KHTML, like Gecko) Chrome/54.0.2840.71 Safari/537.36"
::1 - - [10/Nov/2016:21:17:01 +0000] "GET /new HTTP/1.1" 200 1801 "-" "Mozilla/5.0 (Windows NT 10.0; WOW64) AppleWebKit/537.36 (KHTML, like Gecko) Chrome/54.0.2840.71 Safari/537.36"
::1 - - [10/Nov/2016:21:17:07 +0000] "GET /new HTTP/1.1" 200 1801 "-" "Mozilla/5.0 (Windows NT 10.0; WOW64) AppleWebKit/537.36 (KHTML, like Gecko) Chrome/54.0.2840.71 Safari/537.36"
::1 - - [10/Nov/2016:21:18:04 +0000] "GET /new HTTP/1.1" 304 - "-" "Mozilla/5.0 (Windows NT 10.0; WOW64) AppleWebKit/537.36 (KHTML, like Gecko) Chrome/54.0.2840.71 Safari/537.36"
::1 - - [10/Nov/2016:21:18:30 +0000] "GET /new HTTP/1.1" 200 1822 "-" "Mozilla/5.0 (Windows NT 10.0; WOW64) AppleWebKit/537.36 (KHTML, like Gecko) Chrome/54.0.2840.71 Safari/537.36"
::1 - - [10/Nov/2016:21:19:35 +0000] "GET /new HTTP/1.1" 200 1845 "-" "Mozilla/5.0 (Windows NT 10.0; WOW64) AppleWebKit/537.36 (KHTML, like Gecko) Chrome/54.0.2840.71 Safari/537.36"
::1 - - [10/Nov/2016:21:20:41 +0000] "POST /api/quote/new/ HTTP/1.1" 200 204 "http://localhost/new" "Mozilla/5.0 (Windows NT 10.0; WOW64) AppleWebKit/537.36 (KHTML, like Gecko) Chrome/54.0.2840.71 Safari/537.36"
::1 - - [10/Nov/2016:21:20:44 +0000] "GET /api/quote/ HTTP/1.1" 200 626 "http://localhost/" "Mozilla/5.0 (Windows NT 10.0; WOW64) AppleWebKit/537.36 (KHTML, like Gecko) Chrome/54.0.2840.71 Safari/537.36"
::1 - - [10/Nov/2016:21:20:44 +0000] "GET /api/quote/ HTTP/1.1" 304 - "http://localhost/" "Mozilla/5.0 (Windows NT 10.0; WOW64) AppleWebKit/537.36 (KHTML, like Gecko) Chrome/54.0.2840.71 Safari/537.36"
::1 - - [10/Nov/2016:21:20:46 +0000] "GET /api/quote/ HTTP/1.1" 304 - "http://localhost/" "Mozilla/5.0 (Windows NT 10.0; WOW64) AppleWebKit/537.36 (KHTML, like Gecko) Chrome/54.0.2840.71 Safari/537.36"
::1 - - [10/Nov/2016:21:20:46 +0000] "GET /api/quote/ HTTP/1.1" 304 - "http://localhost/" "Mozilla/5.0 (Windows NT 10.0; WOW64) AppleWebKit/537.36 (KHTML, like Gecko) Chrome/54.0.2840.71 Safari/537.36"
::1 - - [10/Nov/2016:21:20:58 +0000] "GET /api/quote/ HTTP/1.1" 304 - "http://localhost/" "Mozilla/5.0 (Windows NT 10.0; WOW64) AppleWebKit/537.36 (KHTML, like Gecko) Chrome/54.0.2840.71 Safari/537.36"
::1 - - [10/Nov/2016:21:20:58 +0000] "GET /api/quote/ HTTP/1.1" 304 - "http://localhost/" "Mozilla/5.0 (Windows NT 10.0; WOW64) AppleWebKit/537.36 (KHTML, like Gecko) Chrome/54.0.2840.71 Safari/537.36"
::1 - - [10/Nov/2016:21:21:14 +0000] "GET /api/quote/ HTTP/1.1" 304 - "http://localhost/" "Mozilla/5.0 (Windows NT 10.0; WOW64) AppleWebKit/537.36 (KHTML, like Gecko) Chrome/54.0.2840.71 Safari/537.36"
::1 - - [10/Nov/2016:21:21:14 +0000] "GET /api/quote/ HTTP/1.1" 304 - "http://localhost/" "Mozilla/5.0 (Windows NT 10.0; WOW64) AppleWebKit/537.36 (KHTML, like Gecko) Chrome/54.0.2840.71 Safari/537.36"
::1 - - [10/Nov/2016:21:21:24 +0000] "GET /api/quote/ HTTP/1.1" 304 - "http://localhost/" "Mozilla/5.0 (Windows NT 10.0; WOW64) AppleWebKit/537.36 (KHTML, like Gecko) Chrome/54.0.2840.71 Safari/537.36"
::1 - - [10/Nov/2016:21:21:24 +0000] "GET /api/quote/ HTTP/1.1" 304 - "http://localhost/" "Mozilla/5.0 (Windows NT 10.0; WOW64) AppleWebKit/537.36 (KHTML, like Gecko) Chrome/54.0.2840.71 Safari/537.36"
::1 - - [10/Nov/2016:21:21:25 +0000] "GET /api/quote/ HTTP/1.1" 304 - "http://localhost/" "Mozilla/5.0 (Windows NT 10.0; WOW64) AppleWebKit/537.36 (KHTML, like Gecko) Chrome/54.0.2840.71 Safari/537.36"
::1 - - [10/Nov/2016:21:21:25 +0000] "GET /api/quote/ HTTP/1.1" 304 - "http://localhost/" "Mozilla/5.0 (Windows NT 10.0; WOW64) AppleWebKit/537.36 (KHTML, like Gecko) Chrome/54.0.2840.71 Safari/537.36"
::1 - - [10/Nov/2016:21:23:35 +0000] "POST /api/quote/new/ HTTP/1.1" 200 276 "http://localhost/new" "Mozilla/5.0 (Windows NT 10.0; WOW64) AppleWebKit/537.36 (KHTML, like Gecko) Chrome/54.0.2840.71 Safari/537.36"
::1 - - [10/Nov/2016:21:23:36 +0000] "GET /new HTTP/1.1" 304 - "-" "Mozilla/5.0 (Windows NT 10.0; WOW64) AppleWebKit/537.36 (KHTML, like Gecko) Chrome/54.0.2840.71 Safari/537.36"
::1 - - [10/Nov/2016:21:23:39 +0000] "GET /api/quote/ HTTP/1.1" 200 835 "http://localhost/" "Mozilla/5.0 (Windows NT 10.0; WOW64) AppleWebKit/537.36 (KHTML, like Gecko) Chrome/54.0.2840.71 Safari/537.36"
::1 - - [10/Nov/2016:21:23:39 +0000] "GET /api/quote/ HTTP/1.1" 304 - "http://localhost/" "Mozilla/5.0 (Windows NT 10.0; WOW64) AppleWebKit/537.36 (KHTML, like Gecko) Chrome/54.0.2840.71 Safari/537.36"
::1 - - [10/Nov/2016:21:23:58 +0000] "GET /api/quote/ HTTP/1.1" 304 - "http://localhost/" "Mozilla/5.0 (Windows NT 10.0; WOW64) AppleWebKit/537.36 (KHTML, like Gecko) Chrome/54.0.2840.71 Safari/537.36"
::1 - - [10/Nov/2016:21:23:58 +0000] "GET /api/quote/ HTTP/1.1" 304 - "http://localhost/" "Mozilla/5.0 (Windows NT 10.0; WOW64) AppleWebKit/537.36 (KHTML, like Gecko) Chrome/54.0.2840.71 Safari/537.36"
::1 - - [10/Nov/2016:21:25:19 +0000] "POST /api/quote/new/ HTTP/1.1" 200 274 "http://localhost/new" "Mozilla/5.0 (Windows NT 10.0; WOW64) AppleWebKit/537.36 (KHTML, like Gecko) Chrome/54.0.2840.71 Safari/537.36"
::1 - - [10/Nov/2016:21:25:21 +0000] "GET /api/quote/ HTTP/1.1" 200 1042 "http://localhost/" "Mozilla/5.0 (Windows NT 10.0; WOW64) AppleWebKit/537.36 (KHTML, like Gecko) Chrome/54.0.2840.71 Safari/537.36"
::1 - - [10/Nov/2016:21:25:21 +0000] "GET /api/quote/ HTTP/1.1" 304 - "http://localhost/" "Mozilla/5.0 (Windows NT 10.0; WOW64) AppleWebKit/537.36 (KHTML, like Gecko) Chrome/54.0.2840.71 Safari/537.36"
::1 - - [10/Nov/2016:21:25:22 +0000] "GET /api/quote/ HTTP/1.1" 304 - "http://localhost/" "Mozilla/5.0 (Windows NT 10.0; WOW64) AppleWebKit/537.36 (KHTML, like Gecko) Chrome/54.0.2840.71 Safari/537.36"
::1 - - [10/Nov/2016:21:25:22 +0000] "GET /api/quote/ HTTP/1.1" 304 - "http://localhost/" "Mozilla/5.0 (Windows NT 10.0; WOW64) AppleWebKit/537.36 (KHTML, like Gecko) Chrome/54.0.2840.71 Safari/537.36"
